info: ::1 - - [13/Aug/2024:18:35:17 +0000] "POST /api/v1/notes/create HTTP/1.1" 201 307 "-" "PostmanRuntime/7.41.1"

info: ::1 - - [13/Aug/2024:18:36:03 +0000] "POST /api/v1/users/login HTTP/1.1" 200 331 "-" "PostmanRuntime/7.41.1"

info: ::1 - - [13/Aug/2024:18:36:25 +0000] "POST /api/v1/notes/create HTTP/1.1" 201 307 "-" "PostmanRuntime/7.41.1"

info: ::1 - - [13/Aug/2024:18:42:02 +0000] "POST /api/v1/notes/create HTTP/1.1" 401 26 "-" "PostmanRuntime/7.41.1"

info: ::1 - - [13/Aug/2024:18:42:19 +0000] "POST /api/v1/notes/create HTTP/1.1" 401 26 "-" "PostmanRuntime/7.41.1"

info: ::1 - - [13/Aug/2024:18:43:12 +0000] "POST /api/v1/users/login HTTP/1.1" 200 331 "-" "PostmanRuntime/7.41.1"

info: ::1 - - [13/Aug/2024:18:43:30 +0000] "POST /api/v1/notes/create HTTP/1.1" 401 26 "-" "PostmanRuntime/7.41.1"

info: ::1 - - [13/Aug/2024:19:09:31 +0000] "POST /api/v1/users/login HTTP/1.1" 200 331 "-" "PostmanRuntime/7.41.1"

info: ::1 - - [13/Aug/2024:19:10:07 +0000] "POST /api/v1/notes/create HTTP/1.1" 201 211 "-" "PostmanRuntime/7.41.1"

info: ::1 - - [13/Aug/2024:19:10:48 +0000] "POST /api/v1/notes/create HTTP/1.1" 201 211 "-" "PostmanRuntime/7.41.1"

info: ::1 - - [13/Aug/2024:19:11:46 +0000] "POST /api/v1/notes/create HTTP/1.1" 201 211 "-" "PostmanRuntime/7.41.1"

info: ::1 - - [13/Aug/2024:19:12:26 +0000] "POST /api/v1/notes/create HTTP/1.1" 201 211 "-" "PostmanRuntime/7.41.1"

info: ::1 - - [13/Aug/2024:19:23:27 +0000] "POST /api/v1/users/login HTTP/1.1" 200 331 "-" "PostmanRuntime/7.41.1"

info: ::1 - - [13/Aug/2024:19:23:53 +0000] "POST /api/v1/notes/create HTTP/1.1" 201 243 "-" "PostmanRuntime/7.41.1"

info: ::1 - - [14/Aug/2024:06:07:20 +0000] "POST /api/v1/users/login HTTP/1.1" 200 331 "-" "PostmanRuntime/7.41.1"

info: ::1 - - [14/Aug/2024:06:08:15 +0000] "POST /api/v1/notes/create HTTP/1.1" 201 246 "-" "PostmanRuntime/7.41.1"

info: ::1 - - [14/Aug/2024:09:07:05 +0000] "POST /api/v1/users/login HTTP/1.1" 200 331 "-" "PostmanRuntime/7.41.1"

info: ::1 - - [14/Aug/2024:09:09:23 +0000] "POST /api/v1/notes/create HTTP/1.1" 201 285 "-" "PostmanRuntime/7.41.1"

info: ::1 - - [14/Aug/2024:09:11:47 +0000] "POST /api/v1/notes/create HTTP/1.1" 401 37 "-" "PostmanRuntime/7.41.1"

info: ::1 - - [14/Aug/2024:09:30:22 +0000] "POST /api/v1/notes/create HTTP/1.1" 201 285 "-" "PostmanRuntime/7.41.1"

info: ::1 - - [14/Aug/2024:10:01:08 +0000] "POST /api/v1/users/login HTTP/1.1" 200 339 "-" "PostmanRuntime/7.41.1"

info: ::1 - - [14/Aug/2024:10:04:04 +0000] "POST /api/v1/notes/create HTTP/1.1" 201 306 "-" "PostmanRuntime/7.41.1"

info: ::1 - - [14/Aug/2024:10:09:36 +0000] "POST /api/v1/notes/5/archive HTTP/1.1" 500 55 "-" "PostmanRuntime/7.41.1"

info: ::1 - - [14/Aug/2024:10:10:20 +0000] "POST /api/v1/notes/5/archive HTTP/1.1" 500 55 "-" "PostmanRuntime/7.41.1"

info: ::1 - - [14/Aug/2024:10:16:30 +0000] "POST /api/v1/users/login HTTP/1.1" 200 339 "-" "PostmanRuntime/7.41.1"

info: ::1 - - [14/Aug/2024:10:17:01 +0000] "POST /api/v1/notes/5/archive HTTP/1.1" 500 55 "-" "PostmanRuntime/7.41.1"

info: ::1 - - [14/Aug/2024:10:18:51 +0000] "POST /api/v1/notes/:5/archive HTTP/1.1" 400 29 "-" "PostmanRuntime/7.41.1"

info: ::1 - - [14/Aug/2024:10:19:30 +0000] "POST /api/v1/users/login HTTP/1.1" 200 339 "-" "PostmanRuntime/7.41.1"

info: ::1 - - [14/Aug/2024:10:19:51 +0000] "POST /api/v1/notes/5/archive HTTP/1.1" 404 47 "-" "PostmanRuntime/7.41.1"

info: ::1 - - [14/Aug/2024:10:29:51 +0000] "POST /api/v1/notes/create HTTP/1.1" 201 235 "-" "PostmanRuntime/7.41.1"

info: ::1 - - [14/Aug/2024:10:37:10 +0000] "POST /api/v1/notes/6/archive HTTP/1.1" 500 55 "-" "PostmanRuntime/7.41.1"

info: ::1 - - [14/Aug/2024:10:50:27 +0000] "POST /api/v1/users/login HTTP/1.1" 200 339 "-" "PostmanRuntime/7.41.1"

info: ::1 - - [14/Aug/2024:10:52:19 +0000] "POST /api/v1/notes/6/archive HTTP/1.1" 500 45 "-" "PostmanRuntime/7.41.1"

info: ::1 - - [14/Aug/2024:10:58:40 +0000] "POST /api/v1/users/login HTTP/1.1" 200 339 "-" "PostmanRuntime/7.41.1"

info: ::1 - - [14/Aug/2024:10:59:14 +0000] "POST /api/v1/notes/create HTTP/1.1" 201 186 "-" "PostmanRuntime/7.41.1"

info: ::1 - - [14/Aug/2024:10:59:34 +0000] "POST /api/v1/notes/1/archive HTTP/1.1" 500 45 "-" "PostmanRuntime/7.41.1"

info: ::1 - - [14/Aug/2024:11:42:40 +0000] "POST /api/v1/users/login HTTP/1.1" 200 339 "-" "PostmanRuntime/7.41.1"

info: ::1 - - [14/Aug/2024:11:43:24 +0000] "POST /api/v1/notes/1/archive HTTP/1.1" 500 45 "-" "PostmanRuntime/7.41.1"

info: ::1 - - [14/Aug/2024:11:54:33 +0000] "POST /api/v1/users/login HTTP/1.1" 200 339 "-" "PostmanRuntime/7.41.1"

info: ::1 - - [14/Aug/2024:11:54:49 +0000] "POST /api/v1/users/login HTTP/1.1" 200 339 "-" "PostmanRuntime/7.41.1"

info: ::1 - - [14/Aug/2024:11:55:08 +0000] "POST /api/v1/notes/1/archive HTTP/1.1" 500 45 "-" "PostmanRuntime/7.41.1"

info: ::1 - - [14/Aug/2024:12:02:38 +0000] "POST /api/v1/users/login HTTP/1.1" 200 339 "-" "PostmanRuntime/7.41.1"

info: ::1 - - [14/Aug/2024:12:03:12 +0000] "POST /api/v1/notes/create HTTP/1.1" 201 184 "-" "PostmanRuntime/7.41.1"

info: ::1 - - [14/Aug/2024:12:03:50 +0000] "POST /api/v1/users/login HTTP/1.1" 200 331 "-" "PostmanRuntime/7.41.1"

info: ::1 - - [14/Aug/2024:12:05:07 +0000] "POST /api/v1/notes/create HTTP/1.1" 201 193 "-" "PostmanRuntime/7.41.1"

info: ::1 - - [14/Aug/2024:12:06:34 +0000] "POST /api/v1/users/login HTTP/1.1" 200 331 "-" "PostmanRuntime/7.41.1"

info: ::1 - - [14/Aug/2024:12:06:54 +0000] "POST /api/v1/notes/2/archive HTTP/1.1" 200 240 "-" "PostmanRuntime/7.41.1"

info: ::1 - - [14/Aug/2024:12:07:58 +0000] "POST /api/v1/notes/create HTTP/1.1" 201 191 "-" "PostmanRuntime/7.41.1"

info: ::1 - - [14/Aug/2024:12:08:11 +0000] "POST /api/v1/notes/create HTTP/1.1" 201 191 "-" "PostmanRuntime/7.41.1"

info: ::1 - - [14/Aug/2024:12:09:04 +0000] "POST /api/v1/notes/create HTTP/1.1" 201 215 "-" "PostmanRuntime/7.41.1"

info: ::1 - - [14/Aug/2024:12:09:24 +0000] "POST /api/v1/notes/create HTTP/1.1" 201 235 "-" "PostmanRuntime/7.41.1"

info: ::1 - - [14/Aug/2024:12:10:43 +0000] "POST /api/v1/notes/4/archive HTTP/1.1" 200 238 "-" "PostmanRuntime/7.41.1"

info: ::1 - - [14/Aug/2024:12:42:26 +0000] "POST /api/v1/notes/4/trash HTTP/1.1" 200 244 "-" "PostmanRuntime/7.41.1"

info: ::1 - - [14/Aug/2024:12:42:55 +0000] "POST /api/v1/notes/4/restore HTTP/1.1" 200 239 "-" "PostmanRuntime/7.41.1"

info: ::1 - - [14/Aug/2024:12:43:48 +0000] "POST /api/v1/notes/2/unarchive HTTP/1.1" 200 243 "-" "PostmanRuntime/7.41.1"

