info: Server started at http://localhost:5000/api/v1/
       {"timestamp":"2024-08-13T18:33:16.213Z"}
info: Connected to the database. {"timestamp":"2024-08-13T18:33:16.504Z"}
info: Server started at http://localhost:5000/api/v1/
       {"timestamp":"2024-08-13T18:33:58.843Z"}
info: Connected to the database. {"timestamp":"2024-08-13T18:33:59.101Z"}
info: Server started at http://localhost:5000/api/v1/
       {"timestamp":"2024-08-13T18:34:26.911Z"}
info: Connected to the database. {"timestamp":"2024-08-13T18:34:27.181Z"}
info: Server started at http://localhost:5000/api/v1/
       {"timestamp":"2024-08-13T18:35:07.168Z"}
info: Connected to the database. {"timestamp":"2024-08-13T18:35:07.405Z"}
info: Server started at http://localhost:5000/api/v1/
       {"timestamp":"2024-08-13T18:38:42.388Z"}
info: Connected to the database. {"timestamp":"2024-08-13T18:38:42.656Z"}
info: Server started at http://localhost:5000/api/v1/
       {"timestamp":"2024-08-13T18:39:45.554Z"}
info: Connected to the database. {"timestamp":"2024-08-13T18:39:45.837Z"}
info: Server started at http://localhost:5000/api/v1/
       {"timestamp":"2024-08-13T18:40:36.063Z"}
info: Connected to the database. {"timestamp":"2024-08-13T18:40:36.433Z"}
info: Server started at http://localhost:5000/api/v1/
       {"timestamp":"2024-08-13T18:41:19.327Z"}
info: Connected to the database. {"timestamp":"2024-08-13T18:41:19.575Z"}
info: Server started at http://localhost:5000/api/v1/
       {"timestamp":"2024-08-13T18:41:45.238Z"}
info: Connected to the database. {"timestamp":"2024-08-13T18:41:45.611Z"}
info: Connected to the database. {"timestamp":"2024-08-13T18:52:45.489Z"}
info: Connected to the database. {"timestamp":"2024-08-13T18:57:31.577Z"}
info: Connected to the database. {"timestamp":"2024-08-13T19:04:44.398Z"}
info: Connected to the database. {"timestamp":"2024-08-13T19:06:54.532Z"}
info: Server started at http://localhost:5000/api/v1/
       {"timestamp":"2024-08-13T19:08:23.655Z"}
info: Connected to the database. {"timestamp":"2024-08-13T19:08:23.904Z"}
info: Server started at http://localhost:5000/api/v1/
       {"timestamp":"2024-08-13T19:08:28.776Z"}
info: Connected to the database. {"timestamp":"2024-08-13T19:08:29.062Z"}
info: Server started at http://localhost:5000/api/v1/
       {"timestamp":"2024-08-13T19:08:31.979Z"}
info: Connected to the database. {"timestamp":"2024-08-13T19:08:32.280Z"}
info: Server started at http://localhost:5000/api/v1/
       {"timestamp":"2024-08-13T19:08:36.399Z"}
info: Connected to the database. {"timestamp":"2024-08-13T19:08:36.695Z"}
info: Server started at http://localhost:5000/api/v1/
       {"timestamp":"2024-08-13T19:09:15.457Z"}
info: Connected to the database. {"timestamp":"2024-08-13T19:09:15.699Z"}
info: Server started at http://localhost:5000/api/v1/
       {"timestamp":"2024-08-13T19:11:34.850Z"}
info: Connected to the database. {"timestamp":"2024-08-13T19:11:35.148Z"}
info: Connected to the database. {"timestamp":"2024-08-13T19:13:28.651Z"}
info: Connected to the database. {"timestamp":"2024-08-13T19:13:55.098Z"}
info: Connected to the database. {"timestamp":"2024-08-13T19:14:29.630Z"}
info: Server started at http://localhost:5000/api/v1/
       {"timestamp":"2024-08-13T19:23:07.849Z"}
info: Connected to the database. {"timestamp":"2024-08-13T19:23:08.103Z"}
info: Server started at http://localhost:5000/api/v1/
       {"timestamp":"2024-08-14T06:06:34.249Z"}
info: Connected to the database. {"timestamp":"2024-08-14T06:06:34.590Z"}
info: Server started at http://localhost:5000/api/v1/
       {"timestamp":"2024-08-14T09:03:24.523Z"}
info: Connected to the database. {"timestamp":"2024-08-14T09:03:24.900Z"}
info: Server started at http://localhost:5000/api/v1/
       {"timestamp":"2024-08-14T09:29:41.311Z"}
info: Connected to the database. {"timestamp":"2024-08-14T09:29:41.570Z"}
info: Server started at http://localhost:5000/api/v1/
       {"timestamp":"2024-08-14T09:42:20.011Z"}
info: Connected to the database. {"timestamp":"2024-08-14T09:42:20.280Z"}
info: Server started at http://localhost:5000/api/v1/
       {"timestamp":"2024-08-14T09:43:25.543Z"}
info: Connected to the database. {"timestamp":"2024-08-14T09:43:25.858Z"}
info: Server started at http://localhost:5000/api/v1/
       {"timestamp":"2024-08-14T09:45:00.102Z"}
info: Connected to the database. {"timestamp":"2024-08-14T09:45:00.591Z"}
info: Server started at http://localhost:5000/api/v1/
       {"timestamp":"2024-08-14T09:54:08.225Z"}
info: Connected to the database. {"timestamp":"2024-08-14T09:54:08.458Z"}
error: 
    status - 500 
    message - Error: Error archiving note
    at NoteService.<anonymous> (H:\Fundoo CRUD\src\services\note.service.ts:78:13)
    at Generator.throw (<anonymous>)
    at rejected (H:\Fundoo CRUD\src\services\note.service.ts:6:65)
    at processTicksAndRejections (node:internal/process/task_queues:95:5) 
    url - /api/v1/notes/5/archive 
    method - POST 
    IP - ::1
   {"timestamp":"2024-08-14T10:09:36.087Z"}
error: 
    status - 500 
    message - Error: Error archiving note
    at NoteService.<anonymous> (H:\Fundoo CRUD\src\services\note.service.ts:78:13)
    at Generator.throw (<anonymous>)
    at rejected (H:\Fundoo CRUD\src\services\note.service.ts:6:65)
    at processTicksAndRejections (node:internal/process/task_queues:95:5) 
    url - /api/v1/notes/5/archive 
    method - POST 
    IP - ::1
   {"timestamp":"2024-08-14T10:10:20.004Z"}
info: Server started at http://localhost:5000/api/v1/
       {"timestamp":"2024-08-14T10:12:32.743Z"}
info: Connected to the database. {"timestamp":"2024-08-14T10:12:33.207Z"}
info: Server started at http://localhost:5000/api/v1/
       {"timestamp":"2024-08-14T10:13:29.895Z"}
info: Connected to the database. {"timestamp":"2024-08-14T10:13:30.273Z"}
info: Server started at http://localhost:5000/api/v1/
       {"timestamp":"2024-08-14T10:15:43.477Z"}
info: Connected to the database. {"timestamp":"2024-08-14T10:15:43.849Z"}
info: Server started at http://localhost:5000/api/v1/
       {"timestamp":"2024-08-14T10:15:52.024Z"}
info: Connected to the database. {"timestamp":"2024-08-14T10:15:52.271Z"}
info: Server started at http://localhost:5000/api/v1/
       {"timestamp":"2024-08-14T10:16:08.470Z"}
info: Connected to the database. {"timestamp":"2024-08-14T10:16:08.709Z"}
error: 
    status - 500 
    message - Error: Error archiving note
    at NoteService.<anonymous> (H:\Fundoo CRUD\src\services\note.service.ts:81:17)
    at Generator.throw (<anonymous>)
    at rejected (H:\Fundoo CRUD\src\services\note.service.ts:6:65)
    at processTicksAndRejections (node:internal/process/task_queues:95:5) 
    url - /api/v1/notes/5/archive 
    method - POST 
    IP - ::1
   {"timestamp":"2024-08-14T10:17:01.417Z"}
info: Server started at http://localhost:5000/api/v1/
       {"timestamp":"2024-08-14T10:19:10.131Z"}
info: Connected to the database. {"timestamp":"2024-08-14T10:19:10.408Z"}
info: Server started at http://localhost:5000/api/v1/
       {"timestamp":"2024-08-14T10:19:23.057Z"}
info: Connected to the database. {"timestamp":"2024-08-14T10:19:23.335Z"}
info: Server started at http://localhost:5000/api/v1/
       {"timestamp":"2024-08-14T10:20:13.112Z"}
info: Connected to the database. {"timestamp":"2024-08-14T10:20:13.373Z"}
info: Server started at http://localhost:5000/api/v1/
       {"timestamp":"2024-08-14T10:22:30.655Z"}
info: Connected to the database. {"timestamp":"2024-08-14T10:22:30.917Z"}
info: Server started at http://localhost:5000/api/v1/
       {"timestamp":"2024-08-14T10:22:43.895Z"}
info: Connected to the database. {"timestamp":"2024-08-14T10:22:44.243Z"}
info: Server started at http://localhost:5000/api/v1/
       {"timestamp":"2024-08-14T10:23:14.815Z"}
info: Connected to the database. {"timestamp":"2024-08-14T10:23:15.107Z"}
info: Server started at http://localhost:5000/api/v1/
       {"timestamp":"2024-08-14T10:29:24.929Z"}
info: Connected to the database. {"timestamp":"2024-08-14T10:29:25.188Z"}
info: Server started at http://localhost:5000/api/v1/
       {"timestamp":"2024-08-14T10:29:35.471Z"}
info: Connected to the database. {"timestamp":"2024-08-14T10:29:35.698Z"}
info: Server started at http://localhost:5000/api/v1/
       {"timestamp":"2024-08-14T10:31:09.637Z"}
info: Connected to the database. {"timestamp":"2024-08-14T10:31:09.892Z"}
error: 
    status - 500 
    message - Error: Error archiving note
    at NoteService.<anonymous> (H:\Fundoo CRUD\src\services\note.service.ts:81:17)
    at Generator.throw (<anonymous>)
    at rejected (H:\Fundoo CRUD\src\services\note.service.ts:6:65)
    at processTicksAndRejections (node:internal/process/task_queues:95:5) 
    url - /api/v1/notes/6/archive 
    method - POST 
    IP - ::1
   {"timestamp":"2024-08-14T10:37:10.708Z"}
info: Server started at http://localhost:5000/api/v1/
       {"timestamp":"2024-08-14T10:41:52.830Z"}
info: Connected to the database. {"timestamp":"2024-08-14T10:41:53.164Z"}
info: Server started at http://localhost:5000/api/v1/
       {"timestamp":"2024-08-14T10:43:21.361Z"}
info: Connected to the database. {"timestamp":"2024-08-14T10:43:21.833Z"}
info: Server started at http://localhost:5000/api/v1/
       {"timestamp":"2024-08-14T10:45:12.153Z"}
info: Connected to the database. {"timestamp":"2024-08-14T10:45:12.448Z"}
info: Server started at http://localhost:5000/api/v1/
       {"timestamp":"2024-08-14T10:45:46.687Z"}
info: Connected to the database. {"timestamp":"2024-08-14T10:45:46.915Z"}
error: 
    status - 500 
    message - Error: Error archiving note
    at NoteService.<anonymous> (H:\Fundoo CRUD\src\services\note.service.ts:81:17)
    at Generator.throw (<anonymous>)
    at rejected (H:\Fundoo CRUD\src\services\note.service.ts:6:65)
    at processTicksAndRejections (node:internal/process/task_queues:95:5) 
    url - /api/v1/notes/6/archive 
    method - POST 
    IP - ::1
   {"timestamp":"2024-08-14T10:52:19.605Z"}
info: Server started at http://localhost:5000/api/v1/
       {"timestamp":"2024-08-14T10:56:59.908Z"}
info: Connected to the database. {"timestamp":"2024-08-14T10:57:00.179Z"}
info: Server started at http://localhost:5000/api/v1/
       {"timestamp":"2024-08-14T10:57:43.161Z"}
info: Connected to the database. {"timestamp":"2024-08-14T10:57:43.467Z"}
info: Server started at http://localhost:5000/api/v1/
       {"timestamp":"2024-08-14T10:58:22.288Z"}
info: Connected to the database. {"timestamp":"2024-08-14T10:58:22.536Z"}
error: 
    status - 500 
    message - Error: Error archiving note
    at NoteService.<anonymous> (H:\Fundoo CRUD\src\services\note.service.ts:81:17)
    at Generator.throw (<anonymous>)
    at rejected (H:\Fundoo CRUD\src\services\note.service.ts:6:65)
    at processTicksAndRejections (node:internal/process/task_queues:95:5) 
    url - /api/v1/notes/1/archive 
    method - POST 
    IP - ::1
   {"timestamp":"2024-08-14T10:59:34.024Z"}
info: Server started at http://localhost:5000/api/v1/
       {"timestamp":"2024-08-14T11:42:28.022Z"}
info: Connected to the database. {"timestamp":"2024-08-14T11:42:28.246Z"}
error: 
    status - 500 
    message - Error: Error archiving note
    at NoteService.<anonymous> (H:\Fundoo CRUD\src\services\note.service.ts:81:17)
    at Generator.throw (<anonymous>)
    at rejected (H:\Fundoo CRUD\src\services\note.service.ts:6:65)
    at processTicksAndRejections (node:internal/process/task_queues:95:5) 
    url - /api/v1/notes/1/archive 
    method - POST 
    IP - ::1
   {"timestamp":"2024-08-14T11:43:24.545Z"}
info: Server started at http://localhost:5000/api/v1/
       {"timestamp":"2024-08-14T11:54:17.079Z"}
info: Connected to the database. {"timestamp":"2024-08-14T11:54:17.316Z"}
error: 
    status - 500 
    message - Error: Error archiving note
    at NoteService.<anonymous> (H:\Fundoo CRUD\src\services\note.service.ts:81:17)
    at Generator.throw (<anonymous>)
    at rejected (H:\Fundoo CRUD\src\services\note.service.ts:6:65)
    at processTicksAndRejections (node:internal/process/task_queues:95:5) 
    url - /api/v1/notes/1/archive 
    method - POST 
    IP - ::1
   {"timestamp":"2024-08-14T11:55:08.218Z"}
info: Server started at http://localhost:5000/api/v1/
       {"timestamp":"2024-08-14T11:59:56.564Z"}
info: Connected to the database. {"timestamp":"2024-08-14T11:59:56.818Z"}
info: Server started at http://localhost:5000/api/v1/
       {"timestamp":"2024-08-14T12:00:13.276Z"}
info: Connected to the database. {"timestamp":"2024-08-14T12:00:13.623Z"}
info: Server started at http://localhost:5000/api/v1/
       {"timestamp":"2024-08-14T12:00:52.662Z"}
info: Connected to the database. {"timestamp":"2024-08-14T12:00:52.978Z"}
info: Server started at http://localhost:5000/api/v1/
       {"timestamp":"2024-08-14T12:01:23.879Z"}
info: Connected to the database. {"timestamp":"2024-08-14T12:01:24.170Z"}
info: Server started at http://localhost:5000/api/v1/
       {"timestamp":"2024-08-14T12:02:10.250Z"}
info: Connected to the database. {"timestamp":"2024-08-14T12:02:10.489Z"}
info: Server started at http://localhost:5000/api/v1/
       {"timestamp":"2024-08-14T12:13:13.016Z"}
info: Connected to the database. {"timestamp":"2024-08-14T12:13:13.279Z"}
info: Server started at http://localhost:5000/api/v1/
       {"timestamp":"2024-08-14T12:14:09.929Z"}
info: Connected to the database. {"timestamp":"2024-08-14T12:14:10.193Z"}
info: Server started at http://localhost:5000/api/v1/
       {"timestamp":"2024-08-14T12:21:12.903Z"}
info: Connected to the database. {"timestamp":"2024-08-14T12:21:13.305Z"}
info: Server started at http://localhost:5000/api/v1/
       {"timestamp":"2024-08-14T12:22:35.197Z"}
info: Connected to the database. {"timestamp":"2024-08-14T12:22:35.552Z"}
info: Server started at http://localhost:5000/api/v1/
       {"timestamp":"2024-08-14T12:30:18.408Z"}
info: Connected to the database. {"timestamp":"2024-08-14T12:30:18.658Z"}
info: Server started at http://localhost:5000/api/v1/
       {"timestamp":"2024-08-14T12:32:22.595Z"}
info: Connected to the database. {"timestamp":"2024-08-14T12:32:22.846Z"}
info: Server started at http://localhost:5000/api/v1/
       {"timestamp":"2024-08-14T12:37:26.297Z"}
info: Connected to the database. {"timestamp":"2024-08-14T12:37:26.735Z"}
info: Server started at http://localhost:5000/api/v1/
       {"timestamp":"2024-08-14T12:38:23.763Z"}
info: Connected to the database. {"timestamp":"2024-08-14T12:38:24.157Z"}
info: Server started at http://localhost:5000/api/v1/
       {"timestamp":"2024-08-14T12:39:37.057Z"}
info: Connected to the database. {"timestamp":"2024-08-14T12:39:37.559Z"}
info: Server started at http://localhost:5000/api/v1/
       {"timestamp":"2024-08-14T12:41:42.497Z"}
info: Connected to the database. {"timestamp":"2024-08-14T12:41:42.752Z"}
