info: Server started at http://localhost:5051/api/v1/ {"timestamp":"2024-08-23T11:03:35.039Z"}
info: Connected to the database. {"timestamp":"2024-08-23T11:03:35.322Z"}
info: Server started at http://localhost:5051/api/v1/ {"timestamp":"2024-08-23T11:13:52.967Z"}
info: Connected to the database. {"timestamp":"2024-08-23T11:13:53.293Z"}
info: Server started at http://localhost:5051/api/v1/ {"timestamp":"2024-08-23T11:28:37.269Z"}
info: Connected to the database. {"timestamp":"2024-08-23T11:28:37.661Z"}
error: 
    status - 500 
    message - Error: Error creating user
    at UserService.<anonymous> (H:\Fundoo Notes Project\src\services\user.service.ts:29:11)
    at Generator.throw (<anonymous>)
    at rejected (H:\Fundoo Notes Project\src\services\user.service.ts:6:65)
    at processTicksAndRejections (node:internal/process/task_queues:95:5) 
    url - /api/v1/users/signup 
    method - POST 
    IP - ::1
   {"timestamp":"2024-08-23T11:29:24.886Z"}
info: Server started at http://localhost:5051/api/v1/ {"timestamp":"2024-08-23T11:36:08.838Z"}
info: Connected to the database. {"timestamp":"2024-08-23T11:36:09.091Z"}
info: Server started at http://localhost:5051/api/v1/ {"timestamp":"2024-08-23T11:43:29.591Z"}
info: Connected to the database. {"timestamp":"2024-08-23T11:43:29.913Z"}
info: Server started at http://localhost:5051/api/v1/ {"timestamp":"2024-08-23T11:43:57.318Z"}
info: Connected to the database. {"timestamp":"2024-08-23T11:43:57.567Z"}
