info: Server started at http://localhost:5000/api/v1/ {"timestamp":"2024-08-12T19:05:35.982Z"}
info: Connected to the database. {"timestamp":"2024-08-12T19:05:36.273Z"}
info: Server started at http://localhost:5000/api/v1/ {"timestamp":"2024-08-12T19:11:28.539Z"}
info: Connected to the database. {"timestamp":"2024-08-12T19:11:29.034Z"}
info: Server started at http://localhost:5000/api/v1/ {"timestamp":"2024-08-12T19:38:03.771Z"}
info: Connected to the database. {"timestamp":"2024-08-12T19:38:04.125Z"}
info: Server started at http://localhost:5000/api/v1/ {"timestamp":"2024-08-12T19:43:04.793Z"}
info: Connected to the database. {"timestamp":"2024-08-12T19:43:05.223Z"}
info: Server started at http://localhost:5000/api/v1/ {"timestamp":"2024-08-12T19:45:52.773Z"}
info: Connected to the database. {"timestamp":"2024-08-12T19:45:53.229Z"}
info: Server started at http://localhost:5000/api/v1/ {"timestamp":"2024-08-12T20:24:47.008Z"}
info: Connected to the database. {"timestamp":"2024-08-12T20:24:47.272Z"}
info: Server started at http://localhost:5000/api/v1/ {"timestamp":"2024-08-12T20:26:41.327Z"}
info: Connected to the database. {"timestamp":"2024-08-12T20:26:41.633Z"}
info: Server started at http://localhost:5000/api/v1/ {"timestamp":"2024-08-12T20:41:58.426Z"}
info: Connected to the database. {"timestamp":"2024-08-12T20:41:58.686Z"}
info: Server started at http://localhost:5000/api/v1/ {"timestamp":"2024-08-12T20:43:22.563Z"}
info: Connected to the database. {"timestamp":"2024-08-12T20:43:22.888Z"}
info: Server started at http://localhost:5000/api/v1/ {"timestamp":"2024-08-12T20:43:44.812Z"}
info: Connected to the database. {"timestamp":"2024-08-12T20:43:45.065Z"}
info: Server started at http://localhost:5000/api/v1/ {"timestamp":"2024-08-12T20:51:56.740Z"}
info: Connected to the database. {"timestamp":"2024-08-12T20:51:57.046Z"}
info: Server started at http://localhost:5000/api/v1/ {"timestamp":"2024-08-13T06:10:07.856Z"}
info: Connected to the database. {"timestamp":"2024-08-13T06:10:08.125Z"}
error: 
    status - 500 
    message - Error: Error fetching user
    at UserService.<anonymous> (H:\Fundoo CRUD\src\services\user.service.ts:88:13)
    at Generator.throw (<anonymous>)
    at rejected (H:\Fundoo CRUD\src\services\user.service.ts:6:65)
    at processTicksAndRejections (node:internal/process/task_queues:95:5) 
    url - /api/v1/users/login 
    method - GET 
    IP - ::ffff:127.0.0.1
   {"timestamp":"2024-08-13T06:13:39.555Z"}
error: 
    status - 500 
    message - Error: Error fetching user
    at UserService.<anonymous> (H:\Fundoo CRUD\src\services\user.service.ts:88:13)
    at Generator.throw (<anonymous>)
    at rejected (H:\Fundoo CRUD\src\services\user.service.ts:6:65)
    at processTicksAndRejections (node:internal/process/task_queues:95:5) 
    url - /api/v1/users/login 
    method - GET 
    IP - ::ffff:127.0.0.1
   {"timestamp":"2024-08-13T06:13:52.917Z"}
error: 
    status - 500 
    message - Error: Error fetching user
    at UserService.<anonymous> (H:\Fundoo CRUD\src\services\user.service.ts:88:13)
    at Generator.throw (<anonymous>)
    at rejected (H:\Fundoo CRUD\src\services\user.service.ts:6:65)
    at processTicksAndRejections (node:internal/process/task_queues:95:5) 
    url - /api/v1/users/login 
    method - GET 
    IP - ::ffff:127.0.0.1
   {"timestamp":"2024-08-13T06:13:54.747Z"}
info: Server started at http://localhost:5000/api/v1/ {"timestamp":"2024-08-13T06:22:23.030Z"}
info: Connected to the database. {"timestamp":"2024-08-13T06:22:23.539Z"}
info: Server started at http://localhost:5000/api/v1/ {"timestamp":"2024-08-13T06:23:23.213Z"}
info: Connected to the database. {"timestamp":"2024-08-13T06:23:23.467Z"}
info: Server started at http://localhost:5000/api/v1/ {"timestamp":"2024-08-13T06:32:54.185Z"}
info: Connected to the database. {"timestamp":"2024-08-13T06:32:54.558Z"}
info: Server started at http://localhost:5000/api/v1/ {"timestamp":"2024-08-13T06:33:11.348Z"}
info: Connected to the database. {"timestamp":"2024-08-13T06:33:11.982Z"}
info: Server started at http://localhost:5000/api/v1/ {"timestamp":"2024-08-13T06:33:21.306Z"}
info: Connected to the database. {"timestamp":"2024-08-13T06:33:21.634Z"}
info: Server started at http://localhost:5000/api/v1/ {"timestamp":"2024-08-13T06:33:34.766Z"}
info: Connected to the database. {"timestamp":"2024-08-13T06:33:35.050Z"}
info: Server started at http://localhost:5000/api/v1/ {"timestamp":"2024-08-13T06:33:40.698Z"}
info: Connected to the database. {"timestamp":"2024-08-13T06:33:40.987Z"}
error: 
    status - 500 
    message - Error: Error fetching user
    at UserService.<anonymous> (H:\Fundoo CRUD\src\services\user.service.ts:88:13)
    at Generator.throw (<anonymous>)
    at rejected (H:\Fundoo CRUD\src\services\user.service.ts:6:65)
    at processTicksAndRejections (node:internal/process/task_queues:95:5) 
    url - /api/v1/users/login 
    method - GET 
    IP - ::ffff:127.0.0.1
   {"timestamp":"2024-08-13T06:34:07.686Z"}
error: 
    status - 500 
    message - Error: Error fetching user
    at UserService.<anonymous> (H:\Fundoo CRUD\src\services\user.service.ts:88:13)
    at Generator.throw (<anonymous>)
    at rejected (H:\Fundoo CRUD\src\services\user.service.ts:6:65)
    at processTicksAndRejections (node:internal/process/task_queues:95:5) 
    url - /api/v1/users/login 
    method - GET 
    IP - ::ffff:127.0.0.1
   {"timestamp":"2024-08-13T06:34:09.247Z"}
info: Server started at http://localhost:5000/api/v1/ {"timestamp":"2024-08-13T06:34:58.563Z"}
info: Connected to the database. {"timestamp":"2024-08-13T06:34:58.897Z"}
error: 
    status - 500 
    message - Error: Error fetching user
    at UserService.<anonymous> (H:\Fundoo CRUD\src\services\user.service.ts:88:13)
    at Generator.throw (<anonymous>)
    at rejected (H:\Fundoo CRUD\src\services\user.service.ts:6:65)
    at processTicksAndRejections (node:internal/process/task_queues:95:5) 
    url - /api/v1/users/login 
    method - GET 
    IP - ::ffff:127.0.0.1
   {"timestamp":"2024-08-13T06:35:47.526Z"}
error: 
    status - 500 
    message - SyntaxError: Expected ',' or '}' after property value in JSON at position 52
    at JSON.parse (<anonymous>)
    at parse (H:\Fundoo CRUD\node_modules\body-parser\lib\types\json.js:92:19)
    at H:\Fundoo CRUD\node_modules\body-parser\lib\read.js:128:18
    at AsyncResource.runInAsyncScope (node:async_hooks:206:9)
    at invokeCallback (H:\Fundoo CRUD\node_modules\raw-body\index.js:238:16)
    at done (H:\Fundoo CRUD\node_modules\raw-body\index.js:227:7)
    at IncomingMessage.onEnd (H:\Fundoo CRUD\node_modules\raw-body\index.js:287:7)
    at IncomingMessage.emit (node:events:519:28)
    at endReadableNT (node:internal/streams/readable:1696:12)
    at processTicksAndRejections (node:internal/process/task_queues:82:21) 
    url - /api/v1/auth/create 
    method - POST 
    IP - ::ffff:127.0.0.1
   {"timestamp":"2024-08-13T06:38:18.723Z"}
error: 
    status - 500 
    message - SyntaxError: Expected ',' or '}' after property value in JSON at position 52
    at JSON.parse (<anonymous>)
    at parse (H:\Fundoo CRUD\node_modules\body-parser\lib\types\json.js:92:19)
    at H:\Fundoo CRUD\node_modules\body-parser\lib\read.js:128:18
    at AsyncResource.runInAsyncScope (node:async_hooks:206:9)
    at invokeCallback (H:\Fundoo CRUD\node_modules\raw-body\index.js:238:16)
    at done (H:\Fundoo CRUD\node_modules\raw-body\index.js:227:7)
    at IncomingMessage.onEnd (H:\Fundoo CRUD\node_modules\raw-body\index.js:287:7)
    at IncomingMessage.emit (node:events:519:28)
    at endReadableNT (node:internal/streams/readable:1696:12)
    at processTicksAndRejections (node:internal/process/task_queues:82:21) 
    url - /api/v1/auth/create 
    method - POST 
    IP - ::ffff:127.0.0.1
   {"timestamp":"2024-08-13T06:38:19.773Z"}
info: Server started at http://localhost:5000/api/v1/
       {"timestamp":"2024-08-13T06:44:18.224Z"}
info: Server started at http://localhost:5000/api/v1/
       {"timestamp":"2024-08-13T06:44:32.490Z"}
info: Connected to the database. {"timestamp":"2024-08-13T06:44:32.818Z"}
info: Server started at http://localhost:5000/api/v1/
       {"timestamp":"2024-08-13T06:51:40.365Z"}
info: Connected to the database. {"timestamp":"2024-08-13T06:51:40.746Z"}
error: 
    status - 500 
    message - SyntaxError: Expected ':' after property name in JSON at position 7
    at JSON.parse (<anonymous>)
    at parse (H:\Fundoo CRUD\node_modules\body-parser\lib\types\json.js:92:19)
    at H:\Fundoo CRUD\node_modules\body-parser\lib\read.js:128:18
    at AsyncResource.runInAsyncScope (node:async_hooks:206:9)
    at invokeCallback (H:\Fundoo CRUD\node_modules\raw-body\index.js:238:16)
    at done (H:\Fundoo CRUD\node_modules\raw-body\index.js:227:7)
    at IncomingMessage.onEnd (H:\Fundoo CRUD\node_modules\raw-body\index.js:287:7)
    at IncomingMessage.emit (node:events:519:28)
    at endReadableNT (node:internal/streams/readable:1696:12)
    at processTicksAndRejections (node:internal/process/task_queues:82:21) 
    url - /api/v1/users/notes 
    method - POST 
    IP - ::ffff:127.0.0.1
   {"timestamp":"2024-08-13T06:56:50.497Z"}
error: 
    status - 500 
    message - SyntaxError: Expected ':' after property name in JSON at position 7
    at JSON.parse (<anonymous>)
    at parse (H:\Fundoo CRUD\node_modules\body-parser\lib\types\json.js:92:19)
    at H:\Fundoo CRUD\node_modules\body-parser\lib\read.js:128:18
    at AsyncResource.runInAsyncScope (node:async_hooks:206:9)
    at invokeCallback (H:\Fundoo CRUD\node_modules\raw-body\index.js:238:16)
    at done (H:\Fundoo CRUD\node_modules\raw-body\index.js:227:7)
    at IncomingMessage.onEnd (H:\Fundoo CRUD\node_modules\raw-body\index.js:287:7)
    at IncomingMessage.emit (node:events:519:28)
    at endReadableNT (node:internal/streams/readable:1696:12)
    at processTicksAndRejections (node:internal/process/task_queues:82:21) 
    url - /api/v1/users/notes 
    method - POST 
    IP - ::ffff:127.0.0.1
   {"timestamp":"2024-08-13T06:57:16.458Z"}
info: Server started at http://localhost:5000/api/v1/
       {"timestamp":"2024-08-13T09:29:44.797Z"}
info: Connected to the database. {"timestamp":"2024-08-13T09:29:45.056Z"}
info: Server started at http://localhost:5000/api/v1/
       {"timestamp":"2024-08-13T09:38:07.962Z"}
info: Connected to the database. {"timestamp":"2024-08-13T09:38:08.228Z"}
info: Server started at http://localhost:5000/api/v1/
       {"timestamp":"2024-08-13T09:53:59.761Z"}
info: Connected to the database. {"timestamp":"2024-08-13T09:54:00.079Z"}
info: Server started at http://localhost:5000/api/v1/
       {"timestamp":"2024-08-13T10:09:05.618Z"}
info: Connected to the database. {"timestamp":"2024-08-13T10:09:05.874Z"}
info: Server started at http://localhost:5000/api/v1/
       {"timestamp":"2024-08-13T10:09:53.678Z"}
info: Connected to the database. {"timestamp":"2024-08-13T10:09:54.048Z"}
info: Server started at http://localhost:5000/api/v1/
       {"timestamp":"2024-08-13T10:10:30.240Z"}
info: Connected to the database. {"timestamp":"2024-08-13T10:10:30.518Z"}
info: Server started at http://localhost:5000/api/v1/
       {"timestamp":"2024-08-13T10:12:24.111Z"}
info: Connected to the database. {"timestamp":"2024-08-13T10:12:24.400Z"}
info: Server started at http://localhost:5000/api/v1/
       {"timestamp":"2024-08-13T10:13:21.085Z"}
info: Connected to the database. {"timestamp":"2024-08-13T10:13:21.322Z"}
info: Server started at http://localhost:5000/api/v1/
       {"timestamp":"2024-08-13T10:15:03.885Z"}
info: Connected to the database. {"timestamp":"2024-08-13T10:15:04.145Z"}
info: Server started at http://localhost:5000/api/v1/
       {"timestamp":"2024-08-13T10:15:42.875Z"}
info: Connected to the database. {"timestamp":"2024-08-13T10:15:43.131Z"}
error: 
    status - 500 
    message - Error: Error creating note
    at NoteService.<anonymous> (H:\Fundoo CRUD\src\services\note.service.ts:12:13)
    at Generator.throw (<anonymous>)
    at rejected (H:\Fundoo CRUD\src\services\note.service.ts:6:65)
    at processTicksAndRejections (node:internal/process/task_queues:95:5) 
    url - /api/v1/notes/create 
    method - POST 
    IP - ::1
   {"timestamp":"2024-08-13T10:17:15.739Z"}
error: 
    status - 500 
    message - Error: Error creating note
    at NoteService.<anonymous> (H:\Fundoo CRUD\src\services\note.service.ts:12:13)
    at Generator.throw (<anonymous>)
    at rejected (H:\Fundoo CRUD\src\services\note.service.ts:6:65)
    at processTicksAndRejections (node:internal/process/task_queues:95:5) 
    url - /api/v1/notes/create 
    method - POST 
    IP - ::1
   {"timestamp":"2024-08-13T10:20:27.014Z"}
info: Server started at http://localhost:5000/api/v1/
       {"timestamp":"2024-08-13T10:38:43.864Z"}
info: Connected to the database. {"timestamp":"2024-08-13T10:38:44.170Z"}
info: Server started at http://localhost:5000/api/v1/
       {"timestamp":"2024-08-13T10:39:43.083Z"}
info: Connected to the database. {"timestamp":"2024-08-13T10:39:43.350Z"}
info: Server started at http://localhost:5000/api/v1/
       {"timestamp":"2024-08-13T10:54:56.509Z"}
info: Connected to the database. {"timestamp":"2024-08-13T10:54:56.769Z"}
info: Server started at http://localhost:5000/api/v1/
       {"timestamp":"2024-08-13T10:56:54.545Z"}
info: Connected to the database. {"timestamp":"2024-08-13T10:56:54.830Z"}
info: Server started at http://localhost:5000/api/v1/
       {"timestamp":"2024-08-13T17:16:26.166Z"}
info: Connected to the database. {"timestamp":"2024-08-13T17:16:26.453Z"}
info: Server started at http://localhost:5000/api/v1/
       {"timestamp":"2024-08-13T17:22:12.632Z"}
info: Connected to the database. {"timestamp":"2024-08-13T17:22:13.037Z"}
info: Server started at http://localhost:5000/api/v1/
       {"timestamp":"2024-08-13T17:22:33.466Z"}
info: Connected to the database. {"timestamp":"2024-08-13T17:22:33.703Z"}
info: Server started at http://localhost:5000/api/v1/
       {"timestamp":"2024-08-13T17:23:49.486Z"}
info: Connected to the database. {"timestamp":"2024-08-13T17:23:49.777Z"}
info: Server started at http://localhost:5000/api/v1/
       {"timestamp":"2024-08-13T17:25:26.465Z"}
info: Connected to the database. {"timestamp":"2024-08-13T17:25:26.882Z"}
info: Server started at http://localhost:5000/api/v1/
       {"timestamp":"2024-08-13T17:25:28.986Z"}
info: Connected to the database. {"timestamp":"2024-08-13T17:25:29.237Z"}
info: Server started at http://localhost:5000/api/v1/
       {"timestamp":"2024-08-13T17:27:53.122Z"}
info: Connected to the database. {"timestamp":"2024-08-13T17:27:53.475Z"}
info: Server started at http://localhost:5000/api/v1/
       {"timestamp":"2024-08-13T17:31:00.074Z"}
info: Connected to the database. {"timestamp":"2024-08-13T17:31:00.328Z"}
error: 
    status - 500 
    message - Error: Error creating note
    at NoteService.<anonymous> (H:\Fundoo CRUD\src\services\note.service.ts:12:13)
    at Generator.throw (<anonymous>)
    at rejected (H:\Fundoo CRUD\src\services\note.service.ts:6:65)
    at processTicksAndRejections (node:internal/process/task_queues:95:5) 
    url - /api/v1/notes/create 
    method - POST 
    IP - ::1
   {"timestamp":"2024-08-13T17:31:15.445Z"}
error: 
    status - 500 
    message - Error: Error creating note
    at NoteService.<anonymous> (H:\Fundoo CRUD\src\services\note.service.ts:12:13)
    at Generator.throw (<anonymous>)
    at rejected (H:\Fundoo CRUD\src\services\note.service.ts:6:65)
    at processTicksAndRejections (node:internal/process/task_queues:95:5) 
    url - /api/v1/notes/create 
    method - POST 
    IP - ::1
   {"timestamp":"2024-08-13T17:33:37.760Z"}
info: Server started at http://localhost:5000/api/v1/
       {"timestamp":"2024-08-13T17:40:13.769Z"}
info: Connected to the database. {"timestamp":"2024-08-13T17:40:14.015Z"}
info: Server started at http://localhost:5000/api/v1/
       {"timestamp":"2024-08-13T17:42:46.699Z"}
info: Connected to the database. {"timestamp":"2024-08-13T17:42:46.997Z"}
info: Server started at http://localhost:5000/api/v1/
       {"timestamp":"2024-08-13T17:43:01.327Z"}
info: Connected to the database. {"timestamp":"2024-08-13T17:43:01.588Z"}
info: Server started at http://localhost:5000/api/v1/
       {"timestamp":"2024-08-13T17:43:51.479Z"}
info: Connected to the database. {"timestamp":"2024-08-13T17:43:51.736Z"}
info: Server started at http://localhost:5000/api/v1/
       {"timestamp":"2024-08-13T17:44:08.339Z"}
info: Connected to the database. {"timestamp":"2024-08-13T17:44:08.596Z"}
error: 
    status - 500 
    message - Error: Error creating note
    at NoteService.<anonymous> (H:\Fundoo CRUD\src\services\note.service.ts:12:13)
    at Generator.throw (<anonymous>)
    at rejected (H:\Fundoo CRUD\src\services\note.service.ts:6:65)
    at processTicksAndRejections (node:internal/process/task_queues:95:5) 
    url - /api/v1/notes/create 
    method - POST 
    IP - ::1
   {"timestamp":"2024-08-13T17:45:18.851Z"}
info: Server started at http://localhost:5000/api/v1/
       {"timestamp":"2024-08-13T17:51:49.073Z"}
info: Connected to the database. {"timestamp":"2024-08-13T17:51:49.423Z"}
info: Server started at http://localhost:5000/api/v1/
       {"timestamp":"2024-08-13T17:52:11.422Z"}
info: Connected to the database. {"timestamp":"2024-08-13T17:52:11.667Z"}
info: Server started at http://localhost:5000/api/v1/
       {"timestamp":"2024-08-13T17:52:29.413Z"}
info: Connected to the database. {"timestamp":"2024-08-13T17:52:29.787Z"}
error: 
    status - 500 
    message - Error: Error creating note
    at NoteService.<anonymous> (H:\Fundoo CRUD\src\services\note.service.ts:12:13)
    at Generator.throw (<anonymous>)
    at rejected (H:\Fundoo CRUD\src\services\note.service.ts:6:65)
    at processTicksAndRejections (node:internal/process/task_queues:95:5) 
    url - /api/v1/notes/create 
    method - POST 
    IP - ::1
   {"timestamp":"2024-08-13T17:52:38.061Z"}
error: 
    status - 500 
    message - Error: Error creating note
    at NoteService.<anonymous> (H:\Fundoo CRUD\src\services\note.service.ts:12:13)
    at Generator.throw (<anonymous>)
    at rejected (H:\Fundoo CRUD\src\services\note.service.ts:6:65)
    at processTicksAndRejections (node:internal/process/task_queues:95:5) 
    url - /api/v1/notes/create 
    method - POST 
    IP - ::1
   {"timestamp":"2024-08-13T17:52:44.001Z"}
error: 
    status - 500 
    message - SyntaxError: Expected double-quoted property name in JSON at position 128
    at JSON.parse (<anonymous>)
    at parse (H:\Fundoo CRUD\node_modules\body-parser\lib\types\json.js:92:19)
    at H:\Fundoo CRUD\node_modules\body-parser\lib\read.js:128:18
    at AsyncResource.runInAsyncScope (node:async_hooks:206:9)
    at invokeCallback (H:\Fundoo CRUD\node_modules\raw-body\index.js:238:16)
    at done (H:\Fundoo CRUD\node_modules\raw-body\index.js:227:7)
    at IncomingMessage.onEnd (H:\Fundoo CRUD\node_modules\raw-body\index.js:287:7)
    at IncomingMessage.emit (node:events:519:28)
    at endReadableNT (node:internal/streams/readable:1696:12)
    at processTicksAndRejections (node:internal/process/task_queues:82:21) 
    url - /api/v1/notes/create 
    method - POST 
    IP - ::1
   {"timestamp":"2024-08-13T17:54:43.394Z"}
error: 
    status - 500 
    message - Error: Error creating note
    at NoteService.<anonymous> (H:\Fundoo CRUD\src\services\note.service.ts:12:13)
    at Generator.throw (<anonymous>)
    at rejected (H:\Fundoo CRUD\src\services\note.service.ts:6:65)
    at processTicksAndRejections (node:internal/process/task_queues:95:5) 
    url - /api/v1/notes/create 
    method - POST 
    IP - ::1
   {"timestamp":"2024-08-13T17:54:54.428Z"}
info: Server started at http://localhost:5000/api/v1/
       {"timestamp":"2024-08-13T17:56:17.203Z"}
info: Connected to the database. {"timestamp":"2024-08-13T17:56:17.457Z"}
info: Server started at http://localhost:5000/api/v1/
       {"timestamp":"2024-08-13T17:57:21.111Z"}
info: Connected to the database. {"timestamp":"2024-08-13T17:57:21.355Z"}
info: Server started at http://localhost:5000/api/v1/
       {"timestamp":"2024-08-13T17:58:08.606Z"}
info: Connected to the database. {"timestamp":"2024-08-13T17:58:08.912Z"}
info: Server started at http://localhost:5000/api/v1/
       {"timestamp":"2024-08-13T18:17:04.613Z"}
info: Connected to the database. {"timestamp":"2024-08-13T18:17:04.913Z"}
info: Server started at http://localhost:5000/api/v1/
       {"timestamp":"2024-08-13T18:22:12.255Z"}
info: Connected to the database. {"timestamp":"2024-08-13T18:22:12.499Z"}
info: Server started at http://localhost:5000/api/v1/
       {"timestamp":"2024-08-13T18:24:24.864Z"}
info: Connected to the database. {"timestamp":"2024-08-13T18:24:25.165Z"}
info: Server started at http://localhost:5000/api/v1/
       {"timestamp":"2024-08-13T18:24:57.244Z"}
info: Connected to the database. {"timestamp":"2024-08-13T18:24:57.481Z"}
info: Server started at http://localhost:5000/api/v1/
       {"timestamp":"2024-08-13T18:26:39.002Z"}
info: Connected to the database. {"timestamp":"2024-08-13T18:26:39.280Z"}
info: Server started at http://localhost:5000/api/v1/
       {"timestamp":"2024-08-13T18:29:14.088Z"}
info: Connected to the database. {"timestamp":"2024-08-13T18:29:14.376Z"}
